# JRE version: Java(TM) SE Runtime Environment (8.0-b132) (build 1.8.0-b132)
# Java VM: Java HotSpot(TM) 64-Bit Server VM (25.0-b70 mixed mode windows-amd64 compressed oops)
Heap:
 PSYoungGen      total 59904K, used 35665K [0x00000000eab00000, 0x00000000f0980000, 0x0000000100000000)
  eden space 52224K, 53% used [0x00000000eab00000,0x00000000ec65b3e8,0x00000000ede00000)
  from space 7680K, 99% used [0x00000000ede00000,0x00000000ee579168,0x00000000ee580000)
  to   space 11776K, 0% used [0x00000000efe00000,0x00000000efe00000,0x00000000f0980000)
 ParOldGen       total 129536K, used 33588K [0x00000000c0000000, 0x00000000c7e80000, 0x00000000eab00000)
  object space 129536K, 25% used [0x00000000c0000000,0x00000000c20cd050,0x00000000c7e80000)
 Metaspace       used 6133K, capacity 7064K, committed 7424K, reserved 1056768K
  class space    used 613K, capacity 656K, committed 768K, reserved 1048576K
GC Heap History (10 events):
Event: 6.858 GC heap before
{Heap before GC invocations=17 (full 0):
 PSYoungGen      total 30720K, used 29968K [0x00000000eab00000, 0x00000000ecc80000, 0x0000000100000000)
  eden space 27136K, 100% used [0x00000000eab00000,0x00000000ec580000,0x00000000ec580000)
  from space 3584K, 79% used [0x00000000ec900000,0x00000000ecbc4010,0x00000000ecc80000)
  to   space 3584K, 0% used [0x00000000ec580000,0x00000000ec580000,0x00000000ec900000)
 ParOldGen       total 129536K, used 10813K [0x00000000c0000000, 0x00000000c7e80000, 0x00000000eab00000)
  object space 129536K, 8% used [0x00000000c0000000,0x00000000c0a8f630,0x00000000c7e80000)
 Metaspace       used 5961K, capacity 6960K, committed 7040K, reserved 1056768K
  class space    used 593K, capacity 616K, committed 640K, reserved 1048576K
Event: 6.956 GC heap after
Heap after GC invocations=17 (full 0):
 PSYoungGen      total 30720K, used 3552K [0x00000000eab00000, 0x00000000edb80000, 0x0000000100000000)
  eden space 27136K, 0% used [0x00000000eab00000,0x00000000eab00000,0x00000000ec580000)
  from space 3584K, 99% used [0x00000000ec580000,0x00000000ec8f8010,0x00000000ec900000)
  to   space 5632K, 0% used [0x00000000ed600000,0x00000000ed600000,0x00000000edb80000)
 ParOldGen       total 129536K, used 14270K [0x00000000c0000000, 0x00000000c7e80000, 0x00000000eab00000)
  object space 129536K, 11% used [0x00000000c0000000,0x00000000c0defa58,0x00000000c7e80000)
 Metaspace       used 5961K, capacity 6960K, committed 7040K, reserved 1056768K
  class space    used 593K, capacity 616K, committed 640K, reserved 1048576K
}
Event: 7.862 GC heap before
{Heap before GC invocations=18 (full 0):
 PSYoungGen      total 30720K, used 30688K [0x00000000eab00000, 0x00000000edb80000, 0x0000000100000000)
  eden space 27136K, 100% used [0x00000000eab00000,0x00000000ec580000,0x00000000ec580000)
  from space 3584K, 99% used [0x00000000ec580000,0x00000000ec8f8010,0x00000000ec900000)
  to   space 5632K, 0% used [0x00000000ed600000,0x00000000ed600000,0x00000000edb80000)
 ParOldGen       total 129536K, used 14270K [0x00000000c0000000, 0x00000000c7e80000, 0x00000000eab00000)
  object space 129536K, 11% used [0x00000000c0000000,0x00000000c0defa58,0x00000000c7e80000)
 Metaspace       used 5971K, capacity 6960K, committed 7040K, reserved 1056768K
  class space    used 593K, capacity 616K, committed 640K, reserved 1048576K
Event: 7.947 GC heap after
Heap after GC invocations=18 (full 0):
 PSYoungGen      total 43520K, used 4208K [0x00000000eab00000, 0x00000000edc80000, 0x0000000100000000)
  eden space 37888K, 0% used [0x00000000eab00000,0x00000000eab00000,0x00000000ed000000)
  from space 5632K, 74% used [0x00000000ed600000,0x00000000eda1c220,0x00000000edb80000)
  to   space 6144K, 0% used [0x00000000ed000000,0x00000000ed000000,0x00000000ed600000)
 ParOldGen       total 129536K, used 17736K [0x00000000c0000000, 0x00000000c7e80000, 0x00000000eab00000)
  object space 129536K, 13% used [0x00000000c0000000,0x00000000c1152178,0x00000000c7e80000)
 Metaspace       used 5971K, capacity 6960K, committed 7040K, reserved 1056768K
  class space    used 593K, capacity 616K, committed 640K, reserved 1048576K
}
Event: 8.642 GC heap before
{Heap before GC invocations=19 (full 0):
 PSYoungGen      total 43520K, used 42096K [0x00000000eab00000, 0x00000000edc80000, 0x0000000100000000)
  eden space 37888K, 100% used [0x00000000eab00000,0x00000000ed000000,0x00000000ed000000)
  from space 5632K, 74% used [0x00000000ed600000,0x00000000eda1c220,0x00000000edb80000)
  to   space 6144K, 0% used [0x00000000ed000000,0x00000000ed000000,0x00000000ed600000)
 ParOldGen       total 129536K, used 17736K [0x00000000c0000000, 0x00000000c7e80000, 0x00000000eab00000)
  object space 129536K, 13% used [0x00000000c0000000,0x00000000c1152178,0x00000000c7e80000)
 Metaspace       used 6066K, capacity 7000K, committed 7168K, reserved 1056768K
  class space    used 613K, capacity 656K, committed 768K, reserved 1048576K
Event: 8.768 GC heap after
Heap after GC invocations=19 (full 0):
 PSYoungGen      total 44032K, used 5434K [0x00000000eab00000, 0x00000000eec00000, 0x0000000100000000)
  eden space 37888K, 0% used [0x00000000eab00000,0x00000000eab00000,0x00000000ed000000)
  from space 6144K, 88% used [0x00000000ed000000,0x00000000ed54e878,0x00000000ed600000)
  to   space 6656K, 0% used [0x00000000ee580000,0x00000000ee580000,0x00000000eec00000)
 ParOldGen       total 129536K, used 21726K [0x00000000c0000000, 0x00000000c7e80000, 0x00000000eab00000)
  object space 129536K, 16% used [0x00000000c0000000,0x00000000c1537960,0x00000000c7e80000)
 Metaspace       used 6066K, capacity 7000K, committed 7168K, reserved 1056768K
  class space    used 613K, capacity 656K, committed 768K, reserved 1048576K
}
Event: 9.259 GC heap before
{Heap before GC invocations=20 (full 0):
 PSYoungGen      total 44032K, used 43322K [0x00000000eab00000, 0x00000000eec00000, 0x0000000100000000)
  eden space 37888K, 100% used [0x00000000eab00000,0x00000000ed000000,0x00000000ed000000)
  from space 6144K, 88% used [0x00000000ed000000,0x00000000ed54e878,0x00000000ed600000)
  to   space 6656K, 0% used [0x00000000ee580000,0x00000000ee580000,0x00000000eec00000)
 ParOldGen       total 129536K, used 21726K [0x00000000c0000000, 0x00000000c7e80000, 0x00000000eab00000)
  object space 129536K, 16% used [0x00000000c0000000,0x00000000c1537960,0x00000000c7e80000)
 Metaspace       used 6109K, capacity 7064K, committed 7424K, reserved 1056768K
  class space    used 613K, capacity 656K, committed 768K, reserved 1048576K
Event: 9.320 GC heap after
Heap after GC invocations=20 (full 0):
 PSYoungGen      total 58880K, used 6397K [0x00000000eab00000, 0x00000000eee00000, 0x0000000100000000)
  eden space 52224K, 0% used [0x00000000eab00000,0x00000000eab00000,0x00000000ede00000)
  from space 6656K, 96% used [0x00000000ee580000,0x00000000eebbf7d0,0x00000000eec00000)
  to   space 7680K, 0% used [0x00000000ede00000,0x00000000ede00000,0x00000000ee580000)
 ParOldGen       total 129536K, used 26632K [0x00000000c0000000, 0x00000000c7e80000, 0x00000000eab00000)
  object space 129536K, 20% used [0x00000000c0000000,0x00000000c1a02190,0x00000000c7e80000)
 Metaspace       used 6109K, capacity 7064K, committed 7424K, reserved 1056768K
  class space    used 613K, capacity 656K, committed 768K, reserved 1048576K
}
Event: 9.844 GC heap before
{Heap before GC invocations=21 (full 0):
 PSYoungGen      total 58880K, used 58621K [0x00000000eab00000, 0x00000000eee00000, 0x0000000100000000)
  eden space 52224K, 100% used [0x00000000eab00000,0x00000000ede00000,0x00000000ede00000)
  from space 6656K, 96% used [0x00000000ee580000,0x00000000eebbf7d0,0x00000000eec00000)
  to   space 7680K, 0% used [0x00000000ede00000,0x00000000ede00000,0x00000000ee580000)
 ParOldGen       total 129536K, used 26632K [0x00000000c0000000, 0x00000000c7e80000, 0x00000000eab00000)
  object space 129536K, 20% used [0x00000000c0000000,0x00000000c1a02190,0x00000000c7e80000)
 Metaspace       used 6123K, capacity 7064K, committed 7424K, reserved 1056768K
  class space    used 613K, capacity 656K, committed 768K, reserved 1048576K
Event: 9.977 GC heap after
Heap after GC invocations=21 (full 0):
 PSYoungGen      total 59904K, used 7652K [0x00000000eab00000, 0x00000000f0980000, 0x0000000100000000)
  eden space 52224K, 0% used [0x00000000eab00000,0x00000000eab00000,0x00000000ede00000)
  from space 7680K, 99% used [0x00000000ede00000,0x00000000ee579168,0x00000000ee580000)
  to   space 11776K, 0% used [0x00000000efe00000,0x00000000efe00000,0x00000000f0980000)
 ParOldGen       total 129536K, used 33588K [0x00000000c0000000, 0x00000000c7e80000, 0x00000000eab00000)
  object space 129536K, 25% used [0x00000000c0000000,0x00000000c20cd050,0x00000000c7e80000)
 Metaspace       used 6123K, capacity 7064K, committed 7424K, reserved 1056768K
  class space    used 613K, capacity 656K, committed 768K, reserved 1048576K
}

