# JRE version: Java(TM) SE Runtime Environment (8.0-b132) (build 1.8.0-b132)
# Java VM: Java HotSpot(TM) 64-Bit Server VM (25.0-b70 mixed mode windows-amd64 compressed oops)
Heap:
 PSYoungGen      total 107008K, used 66997K [0x00000000eab00000, 0x00000000f4a00000, 0x0000000100000000)
  eden space 92672K, 56% used [0x00000000eab00000,0x00000000ede81e10,0x00000000f0580000)
  from space 14336K, 99% used [0x00000000f0580000,0x00000000f136b638,0x00000000f1380000)
  to   space 16384K, 0% used [0x00000000f3a00000,0x00000000f3a00000,0x00000000f4a00000)
 ParOldGen       total 129536K, used 57795K [0x00000000c0000000, 0x00000000c7e80000, 0x00000000eab00000)
  object space 129536K, 44% used [0x00000000c0000000,0x00000000c3870c00,0x00000000c7e80000)
 Metaspace       used 6462K, capacity 7352K, committed 7680K, reserved 1056768K
  class space    used 631K, capacity 688K, committed 768K, reserved 1048576K
GC Heap History (10 events):
Event: 3.834 GC heap before
{Heap before GC invocations=17 (full 0):
 PSYoungGen      total 55296K, used 53504K [0x00000000eab00000, 0x00000000ee900000, 0x0000000100000000)
  eden space 48640K, 100% used [0x00000000eab00000,0x00000000eda80000,0x00000000eda80000)
  from space 6656K, 73% used [0x00000000ee180000,0x00000000ee640000,0x00000000ee800000)
  to   space 7168K, 0% used [0x00000000eda80000,0x00000000eda80000,0x00000000ee180000)
 ParOldGen       total 129536K, used 19057K [0x00000000c0000000, 0x00000000c7e80000, 0x00000000eab00000)
  object space 129536K, 14% used [0x00000000c0000000,0x00000000c129c500,0x00000000c7e80000)
 Metaspace       used 6043K, capacity 7024K, committed 7296K, reserved 1056768K
  class space    used 593K, capacity 616K, committed 640K, reserved 1048576K
Event: 3.862 GC heap after
Heap after GC invocations=17 (full 0):
 PSYoungGen      total 55808K, used 7152K [0x00000000eab00000, 0x00000000f0180000, 0x0000000100000000)
  eden space 48640K, 0% used [0x00000000eab00000,0x00000000eab00000,0x00000000eda80000)
  from space 7168K, 99% used [0x00000000eda80000,0x00000000ee17c1e0,0x00000000ee180000)
  to   space 10240K, 0% used [0x00000000ef780000,0x00000000ef780000,0x00000000f0180000)
 ParOldGen       total 129536K, used 23925K [0x00000000c0000000, 0x00000000c7e80000, 0x00000000eab00000)
  object space 129536K, 18% used [0x00000000c0000000,0x00000000c175d640,0x00000000c7e80000)
 Metaspace       used 6043K, capacity 7024K, committed 7296K, reserved 1056768K
  class space    used 593K, capacity 616K, committed 640K, reserved 1048576K
}
Event: 4.133 GC heap before
{Heap before GC invocations=18 (full 0):
 PSYoungGen      total 55808K, used 55792K [0x00000000eab00000, 0x00000000f0180000, 0x0000000100000000)
  eden space 48640K, 100% used [0x00000000eab00000,0x00000000eda80000,0x00000000eda80000)
  from space 7168K, 99% used [0x00000000eda80000,0x00000000ee17c1e0,0x00000000ee180000)
  to   space 10240K, 0% used [0x00000000ef780000,0x00000000ef780000,0x00000000f0180000)
 ParOldGen       total 129536K, used 23925K [0x00000000c0000000, 0x00000000c7e80000, 0x00000000eab00000)
  object space 129536K, 18% used [0x00000000c0000000,0x00000000c175d640,0x00000000c7e80000)
 Metaspace       used 6053K, capacity 7024K, committed 7296K, reserved 1056768K
  class space    used 593K, capacity 616K, committed 640K, reserved 1048576K
Event: 4.160 GC heap after
Heap after GC invocations=18 (full 0):
 PSYoungGen      total 77312K, used 8213K [0x00000000eab00000, 0x00000000f0380000, 0x0000000100000000)
  eden space 67072K, 0% used [0x00000000eab00000,0x00000000eab00000,0x00000000eec80000)
  from space 10240K, 80% used [0x00000000ef780000,0x00000000eff85400,0x00000000f0180000)
  to   space 11264K, 0% used [0x00000000eec80000,0x00000000eec80000,0x00000000ef780000)
 ParOldGen       total 129536K, used 31130K [0x00000000c0000000, 0x00000000c7e80000, 0x00000000eab00000)
  object space 129536K, 24% used [0x00000000c0000000,0x00000000c1e668d8,0x00000000c7e80000)
 Metaspace       used 6053K, capacity 7024K, committed 7296K, reserved 1056768K
  class space    used 593K, capacity 616K, committed 640K, reserved 1048576K
}
Event: 4.549 GC heap before
{Heap before GC invocations=19 (full 0):
 PSYoungGen      total 77312K, used 75285K [0x00000000eab00000, 0x00000000f0380000, 0x0000000100000000)
  eden space 67072K, 100% used [0x00000000eab00000,0x00000000eec80000,0x00000000eec80000)
  from space 10240K, 80% used [0x00000000ef780000,0x00000000eff85400,0x00000000f0180000)
  to   space 11264K, 0% used [0x00000000eec80000,0x00000000eec80000,0x00000000ef780000)
 ParOldGen       total 129536K, used 31130K [0x00000000c0000000, 0x00000000c7e80000, 0x00000000eab00000)
  object space 129536K, 24% used [0x00000000c0000000,0x00000000c1e668d8,0x00000000c7e80000)
 Metaspace       used 6165K, capacity 7064K, committed 7424K, reserved 1056768K
  class space    used 612K, capacity 656K, committed 768K, reserved 1048576K
Event: 4.614 GC heap after
Heap after GC invocations=19 (full 0):
 PSYoungGen      total 78336K, used 10272K [0x00000000eab00000, 0x00000000f2000000, 0x0000000100000000)
  eden space 67072K, 0% used [0x00000000eab00000,0x00000000eab00000,0x00000000eec80000)
  from space 11264K, 91% used [0x00000000eec80000,0x00000000ef688000,0x00000000ef780000)
  to   space 12800K, 0% used [0x00000000f1380000,0x00000000f1380000,0x00000000f2000000)
 ParOldGen       total 129536K, used 38662K [0x00000000c0000000, 0x00000000c7e80000, 0x00000000eab00000)
  object space 129536K, 29% used [0x00000000c0000000,0x00000000c25c1938,0x00000000c7e80000)
 Metaspace       used 6165K, capacity 7064K, committed 7424K, reserved 1056768K
  class space    used 612K, capacity 656K, committed 768K, reserved 1048576K
}
Event: 4.979 GC heap before
{Heap before GC invocations=20 (full 0):
 PSYoungGen      total 78336K, used 77344K [0x00000000eab00000, 0x00000000f2000000, 0x0000000100000000)
  eden space 67072K, 100% used [0x00000000eab00000,0x00000000eec80000,0x00000000eec80000)
  from space 11264K, 91% used [0x00000000eec80000,0x00000000ef688000,0x00000000ef780000)
  to   space 12800K, 0% used [0x00000000f1380000,0x00000000f1380000,0x00000000f2000000)
 ParOldGen       total 129536K, used 38662K [0x00000000c0000000, 0x00000000c7e80000, 0x00000000eab00000)
  object space 129536K, 29% used [0x00000000c0000000,0x00000000c25c1938,0x00000000c7e80000)
 Metaspace       used 6168K, capacity 7064K, committed 7424K, reserved 1056768K
  class space    used 612K, capacity 656K, committed 768K, reserved 1048576K
Event: 5.033 GC heap after
Heap after GC invocations=20 (full 0):
 PSYoungGen      total 105472K, used 10168K [0x00000000eab00000, 0x00000000f2300000, 0x0000000100000000)
  eden space 92672K, 0% used [0x00000000eab00000,0x00000000eab00000,0x00000000f0580000)
  from space 12800K, 79% used [0x00000000f1380000,0x00000000f1d6e398,0x00000000f2000000)
  to   space 14336K, 0% used [0x00000000f0580000,0x00000000f0580000,0x00000000f1380000)
 ParOldGen       total 129536K, used 48425K [0x00000000c0000000, 0x00000000c7e80000, 0x00000000eab00000)
  object space 129536K, 37% used [0x00000000c0000000,0x00000000c2f4a6b0,0x00000000c7e80000)
 Metaspace       used 6168K, capacity 7064K, committed 7424K, reserved 1056768K
  class space    used 612K, capacity 656K, committed 768K, reserved 1048576K
}
Event: 5.733 GC heap before
{Heap before GC invocations=21 (full 0):
 PSYoungGen      total 105472K, used 102840K [0x00000000eab00000, 0x00000000f2300000, 0x0000000100000000)
  eden space 92672K, 100% used [0x00000000eab00000,0x00000000f0580000,0x00000000f0580000)
  from space 12800K, 79% used [0x00000000f1380000,0x00000000f1d6e398,0x00000000f2000000)
  to   space 14336K, 0% used [0x00000000f0580000,0x00000000f0580000,0x00000000f1380000)
 ParOldGen       total 129536K, used 48425K [0x00000000c0000000, 0x00000000c7e80000, 0x00000000eab00000)
  object space 129536K, 37% used [0x00000000c0000000,0x00000000c2f4a6b0,0x00000000c7e80000)
 Metaspace       used 6178K, capacity 7064K, committed 7424K, reserved 1056768K
  class space    used 612K, capacity 656K, committed 768K, reserved 1048576K
Event: 5.784 GC heap after
Heap after GC invocations=21 (full 0):
 PSYoungGen      total 107008K, used 14253K [0x00000000eab00000, 0x00000000f4a00000, 0x0000000100000000)
  eden space 92672K, 0% used [0x00000000eab00000,0x00000000eab00000,0x00000000f0580000)
  from space 14336K, 99% used [0x00000000f0580000,0x00000000f136b638,0x00000000f1380000)
  to   space 16384K, 0% used [0x00000000f3a00000,0x00000000f3a00000,0x00000000f4a00000)
 ParOldGen       total 129536K, used 57795K [0x00000000c0000000, 0x00000000c7e80000, 0x00000000eab00000)
  object space 129536K, 44% used [0x00000000c0000000,0x00000000c3870c00,0x00000000c7e80000)
 Metaspace       used 6178K, capacity 7064K, committed 7424K, reserved 1056768K
  class space    used 612K, capacity 656K, committed 768K, reserved 1048576K
}

