# JRE version: Java(TM) SE Runtime Environment (8.0-b132) (build 1.8.0-b132)
# Java VM: Java HotSpot(TM) 64-Bit Server VM (25.0-b70 mixed mode windows-amd64 compressed oops)
Heap:
 PSYoungGen      total 113152K, used 91848K [0x00000000eab00000, 0x00000000f2b00000, 0x0000000100000000)
  eden space 99840K, 81% used [0x00000000eab00000,0x00000000efa695b0,0x00000000f0c80000)
  from space 13312K, 79% used [0x00000000f1b00000,0x00000000f2548ad0,0x00000000f2800000)
  to   space 14848K, 0% used [0x00000000f0c80000,0x00000000f0c80000,0x00000000f1b00000)
 ParOldGen       total 129536K, used 58155K [0x00000000c0000000, 0x00000000c7e80000, 0x00000000eab00000)
  object space 129536K, 44% used [0x00000000c0000000,0x00000000c38cacd8,0x00000000c7e80000)
 Metaspace       used 6565K, capacity 7416K, committed 7680K, reserved 1056768K
  class space    used 634K, capacity 688K, committed 768K, reserved 1048576K
GC Heap History (10 events):
Event: 7.739 GC heap before
{Heap before GC invocations=20 (full 0):
 PSYoungGen      total 44032K, used 44032K [0x00000000eab00000, 0x00000000ef000000, 0x0000000100000000)
  eden space 37888K, 100% used [0x00000000eab00000,0x00000000ed000000,0x00000000ed000000)
  from space 6144K, 100% used [0x00000000ed000000,0x00000000ed600000,0x00000000ed600000)
  to   space 8704K, 0% used [0x00000000ee780000,0x00000000ee780000,0x00000000ef000000)
 ParOldGen       total 129536K, used 20843K [0x00000000c0000000, 0x00000000c7e80000, 0x00000000eab00000)
  object space 129536K, 16% used [0x00000000c0000000,0x00000000c145ae50,0x00000000c7e80000)
 Metaspace       used 6021K, capacity 7024K, committed 7296K, reserved 1056768K
  class space    used 593K, capacity 616K, committed 640K, reserved 1048576K
Event: 7.837 GC heap after
Heap after GC invocations=20 (full 0):
 PSYoungGen      total 60928K, used 6576K [0x00000000eab00000, 0x00000000ef200000, 0x0000000100000000)
  eden space 52224K, 0% used [0x00000000eab00000,0x00000000eab00000,0x00000000ede00000)
  from space 8704K, 75% used [0x00000000ee780000,0x00000000eedec3f0,0x00000000ef000000)
  to   space 9728K, 0% used [0x00000000ede00000,0x00000000ede00000,0x00000000ee780000)
 ParOldGen       total 129536K, used 26378K [0x00000000c0000000, 0x00000000c7e80000, 0x00000000eab00000)
  object space 129536K, 20% used [0x00000000c0000000,0x00000000c19c29e0,0x00000000c7e80000)
 Metaspace       used 6021K, capacity 7024K, committed 7296K, reserved 1056768K
  class space    used 593K, capacity 616K, committed 640K, reserved 1048576K
}
Event: 8.274 GC heap before
{Heap before GC invocations=21 (full 0):
 PSYoungGen      total 60928K, used 58800K [0x00000000eab00000, 0x00000000ef200000, 0x0000000100000000)
  eden space 52224K, 100% used [0x00000000eab00000,0x00000000ede00000,0x00000000ede00000)
  from space 8704K, 75% used [0x00000000ee780000,0x00000000eedec3f0,0x00000000ef000000)
  to   space 9728K, 0% used [0x00000000ede00000,0x00000000ede00000,0x00000000ee780000)
 ParOldGen       total 129536K, used 26378K [0x00000000c0000000, 0x00000000c7e80000, 0x00000000eab00000)
  object space 129536K, 20% used [0x00000000c0000000,0x00000000c19c29e0,0x00000000c7e80000)
 Metaspace       used 6038K, capacity 7024K, committed 7296K, reserved 1056768K
  class space    used 593K, capacity 616K, committed 640K, reserved 1048576K
Event: 8.319 GC heap after
Heap after GC invocations=21 (full 0):
 PSYoungGen      total 61952K, used 8404K [0x00000000eab00000, 0x00000000f0780000, 0x0000000100000000)
  eden space 52224K, 0% used [0x00000000eab00000,0x00000000eab00000,0x00000000ede00000)
  from space 9728K, 86% used [0x00000000ede00000,0x00000000ee6353e0,0x00000000ee780000)
  to   space 10752K, 0% used [0x00000000efd00000,0x00000000efd00000,0x00000000f0780000)
 ParOldGen       total 129536K, used 32568K [0x00000000c0000000, 0x00000000c7e80000, 0x00000000eab00000)
  object space 129536K, 25% used [0x00000000c0000000,0x00000000c1fce2a8,0x00000000c7e80000)
 Metaspace       used 6038K, capacity 7024K, committed 7296K, reserved 1056768K
  class space    used 593K, capacity 616K, committed 640K, reserved 1048576K
}
Event: 8.648 GC heap before
{Heap before GC invocations=22 (full 0):
 PSYoungGen      total 61952K, used 60628K [0x00000000eab00000, 0x00000000f0780000, 0x0000000100000000)
  eden space 52224K, 100% used [0x00000000eab00000,0x00000000ede00000,0x00000000ede00000)
  from space 9728K, 86% used [0x00000000ede00000,0x00000000ee6353e0,0x00000000ee780000)
  to   space 10752K, 0% used [0x00000000efd00000,0x00000000efd00000,0x00000000f0780000)
 ParOldGen       total 129536K, used 32568K [0x00000000c0000000, 0x00000000c7e80000, 0x00000000eab00000)
  object space 129536K, 25% used [0x00000000c0000000,0x00000000c1fce2a8,0x00000000c7e80000)
 Metaspace       used 6143K, capacity 7064K, committed 7424K, reserved 1056768K
  class space    used 612K, capacity 656K, committed 768K, reserved 1048576K
Event: 8.705 GC heap after
Heap after GC invocations=22 (full 0):
 PSYoungGen      total 82944K, used 8032K [0x00000000eab00000, 0x00000000f0980000, 0x0000000100000000)
  eden space 72192K, 0% used [0x00000000eab00000,0x00000000eab00000,0x00000000ef180000)
  from space 10752K, 74% used [0x00000000efd00000,0x00000000f04d8000,0x00000000f0780000)
  to   space 11776K, 0% used [0x00000000ef180000,0x00000000ef180000,0x00000000efd00000)
 ParOldGen       total 129536K, used 40409K [0x00000000c0000000, 0x00000000c7e80000, 0x00000000eab00000)
  object space 129536K, 31% used [0x00000000c0000000,0x00000000c2776790,0x00000000c7e80000)
 Metaspace       used 6143K, capacity 7064K, committed 7424K, reserved 1056768K
  class space    used 612K, capacity 656K, committed 768K, reserved 1048576K
}
Event: 9.115 GC heap before
{Heap before GC invocations=23 (full 0):
 PSYoungGen      total 82944K, used 80224K [0x00000000eab00000, 0x00000000f0980000, 0x0000000100000000)
  eden space 72192K, 100% used [0x00000000eab00000,0x00000000ef180000,0x00000000ef180000)
  from space 10752K, 74% used [0x00000000efd00000,0x00000000f04d8000,0x00000000f0780000)
  to   space 11776K, 0% used [0x00000000ef180000,0x00000000ef180000,0x00000000efd00000)
 ParOldGen       total 129536K, used 40409K [0x00000000c0000000, 0x00000000c7e80000, 0x00000000eab00000)
  object space 129536K, 31% used [0x00000000c0000000,0x00000000c2776790,0x00000000c7e80000)
 Metaspace       used 6153K, capacity 7064K, committed 7424K, reserved 1056768K
  class space    used 612K, capacity 656K, committed 768K, reserved 1048576K
Event: 9.141 GC heap after
Heap after GC invocations=23 (full 0):
 PSYoungGen      total 83968K, used 10968K [0x00000000eab00000, 0x00000000f2800000, 0x0000000100000000)
  eden space 72192K, 0% used [0x00000000eab00000,0x00000000eab00000,0x00000000ef180000)
  from space 11776K, 93% used [0x00000000ef180000,0x00000000efc36390,0x00000000efd00000)
  to   space 13312K, 0% used [0x00000000f1b00000,0x00000000f1b00000,0x00000000f2800000)
 ParOldGen       total 129536K, used 48092K [0x00000000c0000000, 0x00000000c7e80000, 0x00000000eab00000)
  object space 129536K, 37% used [0x00000000c0000000,0x00000000c2ef7250,0x00000000c7e80000)
 Metaspace       used 6153K, capacity 7064K, committed 7424K, reserved 1056768K
  class space    used 612K, capacity 656K, committed 768K, reserved 1048576K
}
Event: 9.577 GC heap before
{Heap before GC invocations=24 (full 0):
 PSYoungGen      total 83968K, used 83160K [0x00000000eab00000, 0x00000000f2800000, 0x0000000100000000)
  eden space 72192K, 100% used [0x00000000eab00000,0x00000000ef180000,0x00000000ef180000)
  from space 11776K, 93% used [0x00000000ef180000,0x00000000efc36390,0x00000000efd00000)
  to   space 13312K, 0% used [0x00000000f1b00000,0x00000000f1b00000,0x00000000f2800000)
 ParOldGen       total 129536K, used 48092K [0x00000000c0000000, 0x00000000c7e80000, 0x00000000eab00000)
  object space 129536K, 37% used [0x00000000c0000000,0x00000000c2ef7250,0x00000000c7e80000)
 Metaspace       used 6158K, capacity 7064K, committed 7424K, reserved 1056768K
  class space    used 612K, capacity 656K, committed 768K, reserved 1048576K
Event: 9.659 GC heap after
Heap after GC invocations=24 (full 0):
 PSYoungGen      total 113152K, used 10530K [0x00000000eab00000, 0x00000000f2b00000, 0x0000000100000000)
  eden space 99840K, 0% used [0x00000000eab00000,0x00000000eab00000,0x00000000f0c80000)
  from space 13312K, 79% used [0x00000000f1b00000,0x00000000f2548ad0,0x00000000f2800000)
  to   space 14848K, 0% used [0x00000000f0c80000,0x00000000f0c80000,0x00000000f1b00000)
 ParOldGen       total 129536K, used 58155K [0x00000000c0000000, 0x00000000c7e80000, 0x00000000eab00000)
  object space 129536K, 44% used [0x00000000c0000000,0x00000000c38cacd8,0x00000000c7e80000)
 Metaspace       used 6158K, capacity 7064K, committed 7424K, reserved 1056768K
  class space    used 612K, capacity 656K, committed 768K, reserved 1048576K
}

